No syntax errors detected in /home/cvarkey/GitGood/Backend/testphp.php
No syntax errors detected in /home/cvarkey/GitGood/Backend/logs/error.php
No syntax errors detected in /home/cvarkey/GitGood/Backend/rpc/loginRequest.php
No syntax errors detected in /home/cvarkey/GitGood/Backend/account2.php
No syntax errors detected in /home/cvarkey/GitGood/Backend/log2.php
No syntax errors detected in /home/cvarkey/GitGood/Backend/testphp.php
No syntax errors detected in /home/cvarkey/GitGood/Backend/logs/error.php
No syntax errors detected in /home/cvarkey/GitGood/Backend/rpc/loginRequest.php
No syntax errors detected in /home/cvarkey/GitGood/Backend/account2.php
No syntax errors detected in /home/cvarkey/GitGood/Backend/log2.php
No syntax errors detected in /home/cvarkey/GitGood/Backend/testphp.php
No syntax errors detected in /home/cvarkey/GitGood/Backend/logs/error.php
No syntax errors detected in /home/cvarkey/GitGood/Backend/rpc/loginRequest.php
No syntax errors detected in /home/cvarkey/GitGood/Backend/account2.php
No syntax errors detected in /home/cvarkey/GitGood/Backend/log2.php
No syntax errors detected in /home/cvarkey/GitGood/Backend/testphp.php
No syntax errors detected in /home/cvarkey/GitGood/Backend/logs/error.php
No syntax errors detected in /home/cvarkey/GitGood/Backend/rpc/loginRequest.php
No syntax errors detected in /home/cvarkey/GitGood/Backend/account2.php
No syntax errors detected in /home/cvarkey/GitGood/Backend/log2.php
